[debug] [2020-01-23T14:04:13.450Z] ----------------------------------------------------------------------
[debug] [2020-01-23T14:04:13.452Z] Command:       C:\Program Files\nodejs\node.exe C:\Users\chris\AppData\Roaming\npm\node_modules\firebase-tools\lib\bin\firebase.js init
[debug] [2020-01-23T14:04:13.453Z] CLI Version:   7.12.1
[debug] [2020-01-23T14:04:13.453Z] Platform:      win32
[debug] [2020-01-23T14:04:13.453Z] Node Version:  v10.16.2
[debug] [2020-01-23T14:04:13.454Z] Time:          Thu Jan 23 2020 19:34:13 GMT+0530 (India Standard Time)
[debug] [2020-01-23T14:04:13.454Z] ----------------------------------------------------------------------
[debug] [2020-01-23T14:04:13.454Z] 
[debug] [2020-01-23T14:04:13.460Z] > command requires scopes: ["email","openid","https://www.googleapis.com/auth/cloudplatformprojects.readonly","https://www.googleapis.com/auth/firebase","https://www.googleapis.com/auth/cloud-platform"]
[debug] [2020-01-23T14:04:13.460Z] > authorizing via signed-in user
[info] 
     ######## #### ########  ######## ########     ###     ######  ########
     ##        ##  ##     ## ##       ##     ##  ##   ##  ##       ##
     ######    ##  ########  ######   ########  #########  ######  ######
     ##        ##  ##    ##  ##       ##     ## ##     ##       ## ##
     ##       #### ##     ## ######## ########  ##     ##  ######  ########

You're about to initialize a Firebase project in this directory:

  C:\Users\chris\Desktop\kcct

[debug] [2020-01-23T14:10:51.157Z] Error: kill ENOSYS
    at process.kill (internal/process/per_thread.js:198:13)
    at process.listener (C:\Users\chris\AppData\Roaming\npm\node_modules\firebase-tools\node_modules\signal-exit\index.js:95:15)
    at process.emit (events.js:198:13)
[error] 
[error] Error: An unexpected error has occurred.
